0 info it worked if it ends with ok
1 verbose cli [ 'd:\\nodejs\\node.exe',
1 verbose cli   'd:\\nodejs\\node_modules\\npm\\bin\\npm-cli.js',
1 verbose cli   'start' ]
2 info using npm@3.3.6
3 info using node@v5.0.0
4 verbose run-script [ 'prestart', 'start', 'poststart' ]
5 info lifecycle vue-zqj@1.0.0~prestart: vue-zqj@1.0.0
6 silly lifecycle vue-zqj@1.0.0~prestart: no script for prestart, continuing
7 info lifecycle vue-zqj@1.0.0~start: vue-zqj@1.0.0
8 verbose lifecycle vue-zqj@1.0.0~start: unsafe-perm in lifecycle true
9 verbose lifecycle vue-zqj@1.0.0~start: PATH: d:\nodejs\node_modules\npm\bin\node-gyp-bin;d:\wamp\www\static\vue-zqj\node_modules\.bin;c:\Users\qijiezhou\bin;.;E:\软件\Git\local\bin;E:\软件\Git\mingw\bin;E:\软件\Git\bin;E:\软件\Git\bin;c:\Windows\system32;c:\Windows;c:\Windows\System32\Wbem;c:\Windows\System32\WindowsPowerShell\v1.0\;c:\Program Files (x86)\Windows Kits\8.1\Windows Performance Toolkit\;c:\Program Files\Microsoft SQL Server\110\Tools\Binn\;c:\Program Files (x86)\Microsoft SDKs\TypeScript\1.0\;c:\Program Files\Microsoft SQL Server\120\Tools\Binn\;c:\Program Files\Microsoft SQL Server\110\DTS\Binn\;c:\Program Files (x86)\Microsoft SQL Server\110\Tools\Binn\;c:\Program Files (x86)\Microsoft SQL Server\110\Tools\Binn\ManagementStudio\;c:\Program Files (x86)\Microsoft Visual Studio 10.0\Common7\IDE\PrivateAssemblies\;c:\Program Files (x86)\Microsoft SQL Server\110\DTS\Binn\;d:\nodejs\;c:\Program Files\TortoiseGit\bin;c:\Users\qijiezhou\AppData\Roaming\npm
10 verbose lifecycle vue-zqj@1.0.0~start: CWD: d:\wamp\www\static\vue-zqj
11 silly lifecycle vue-zqj@1.0.0~start: Args: [ '/d /s /c', 'webpack-dev-server --inline' ]
12 silly lifecycle vue-zqj@1.0.0~start: Returned: code: 1  signal: null
13 info lifecycle vue-zqj@1.0.0~start: Failed to exec start script
14 verbose stack Error: vue-zqj@1.0.0 start: `webpack-dev-server --inline`
14 verbose stack Exit status 1
14 verbose stack     at EventEmitter.<anonymous> (d:\nodejs\node_modules\npm\lib\utils\lifecycle.js:233:16)
14 verbose stack     at emitTwo (events.js:87:13)
14 verbose stack     at EventEmitter.emit (events.js:172:7)
14 verbose stack     at ChildProcess.<anonymous> (d:\nodejs\node_modules\npm\lib\utils\spawn.js:24:14)
14 verbose stack     at emitTwo (events.js:87:13)
14 verbose stack     at ChildProcess.emit (events.js:172:7)
14 verbose stack     at maybeClose (internal/child_process.js:818:16)
14 verbose stack     at Process.ChildProcess._handle.onexit (internal/child_process.js:211:5)
15 verbose pkgid vue-zqj@1.0.0
16 verbose cwd d:\wamp\www\static\vue-zqj
17 error Windows_NT 6.1.7601
18 error argv "d:\\nodejs\\node.exe" "d:\\nodejs\\node_modules\\npm\\bin\\npm-cli.js" "start"
19 error node v5.0.0
20 error npm  v3.3.6
21 error code ELIFECYCLE
22 error vue-zqj@1.0.0 start: `webpack-dev-server --inline`
22 error Exit status 1
23 error Failed at the vue-zqj@1.0.0 start script 'webpack-dev-server --inline'.
23 error This is most likely a problem with the vue-zqj package,
23 error not with npm itself.
23 error Tell the author that this fails on your system:
23 error     webpack-dev-server --inline
23 error You can get their info via:
23 error     npm owner ls vue-zqj
23 error There is likely additional logging output above.
24 verbose exit [ 1, true ]
